[15-Sep-2015 05:00:04 Europe/Paris] PHP Warning:  require_once(/home/didier3d/public_html/funlab.fr/core/extensions/SemanticMediaWiki//includes/SMW_Factbox.php): failed to open stream: Aucun fichier ou dossier de ce type in /home/didier3d/public_html/funlab.fr/core/extensions/SemanticTasks/ST_CheckForReminders.php on line 9
[15-Sep-2015 05:00:04 Europe/Paris] PHP Fatal error:  require_once(): Failed opening required '/home/didier3d/public_html/funlab.fr/core/extensions/SemanticMediaWiki//includes/SMW_Factbox.php' (include_path='.:/usr/lib/php:/usr/local/lib/php') in /home/didier3d/public_html/funlab.fr/core/extensions/SemanticTasks/ST_CheckForReminders.php on line 9
[16-Sep-2015 05:00:02 Europe/Paris] PHP Notice:  Undefined index: REQUEST_URI in /home/didier3d/public_html/funlab.fr/core/LocalSettings.php on line 584
[16-Sep-2015 05:00:02 Europe/Paris] PHP Notice:  Undefined index: REQUEST_URI in /home/didier3d/public_html/funlab.fr/core/LocalSettings.php on line 586
[16-Sep-2015 05:00:07 Europe/Paris] PHP Warning:  require_once(/home/didier3d/public_html/funlab.fr/core/extensions/SemanticMediaWiki//includes/SMW_Factbox.php): failed to open stream: Aucun fichier ou dossier de ce type in /home/didier3d/public_html/funlab.fr/core/extensions/SemanticTasks/ST_CheckForReminders.php on line 9
[16-Sep-2015 05:00:07 Europe/Paris] PHP Fatal error:  require_once(): Failed opening required '/home/didier3d/public_html/funlab.fr/core/extensions/SemanticMediaWiki//includes/SMW_Factbox.php' (include_path='.:/usr/lib/php:/usr/local/lib/php') in /home/didier3d/public_html/funlab.fr/core/extensions/SemanticTasks/ST_CheckForReminders.php on line 9
[17-Sep-2015 05:00:02 Europe/Paris] PHP Notice:  Undefined index: REQUEST_URI in /home/didier3d/public_html/funlab.fr/core/LocalSettings.php on line 584
[17-Sep-2015 05:00:02 Europe/Paris] PHP Notice:  Undefined index: REQUEST_URI in /home/didier3d/public_html/funlab.fr/core/LocalSettings.php on line 586
[17-Sep-2015 05:00:05 Europe/Paris] PHP Warning:  require_once(/home/didier3d/public_html/funlab.fr/core/extensions/SemanticMediaWiki//includes/SMW_Factbox.php): failed to open stream: Aucun fichier ou dossier de ce type in /home/didier3d/public_html/funlab.fr/core/extensions/SemanticTasks/ST_CheckForReminders.php on line 9
[17-Sep-2015 05:00:05 Europe/Paris] PHP Fatal error:  require_once(): Failed opening required '/home/didier3d/public_html/funlab.fr/core/extensions/SemanticMediaWiki//includes/SMW_Factbox.php' (include_path='.:/usr/lib/php:/usr/local/lib/php') in /home/didier3d/public_html/funlab.fr/core/extensions/SemanticTasks/ST_CheckForReminders.php on line 9
[18-Sep-2015 05:00:03 Europe/Paris] PHP Notice:  Undefined index: REQUEST_URI in /home/didier3d/public_html/funlab.fr/core/LocalSettings.php on line 584
[18-Sep-2015 05:00:03 Europe/Paris] PHP Notice:  Undefined index: REQUEST_URI in /home/didier3d/public_html/funlab.fr/core/LocalSettings.php on line 586
[18-Sep-2015 05:00:08 Europe/Paris] PHP Warning:  require_once(/home/didier3d/public_html/funlab.fr/core/extensions/SemanticMediaWiki//includes/SMW_Factbox.php): failed to open stream: Aucun fichier ou dossier de ce type in /home/didier3d/public_html/funlab.fr/core/extensions/SemanticTasks/ST_CheckForReminders.php on line 9
[18-Sep-2015 05:00:08 Europe/Paris] PHP Fatal error:  require_once(): Failed opening required '/home/didier3d/public_html/funlab.fr/core/extensions/SemanticMediaWiki//includes/SMW_Factbox.php' (include_path='.:/usr/lib/php:/usr/local/lib/php') in /home/didier3d/public_html/funlab.fr/core/extensions/SemanticTasks/ST_CheckForReminders.php on line 9
[19-Sep-2015 05:00:02 Europe/Paris] PHP Notice:  Undefined index: REQUEST_URI in /home/didier3d/public_html/funlab.fr/core/LocalSettings.php on line 584
[19-Sep-2015 05:00:02 Europe/Paris] PHP Notice:  Undefined index: REQUEST_URI in /home/didier3d/public_html/funlab.fr/core/LocalSettings.php on line 586
[19-Sep-2015 05:00:05 Europe/Paris] PHP Warning:  require_once(/home/didier3d/public_html/funlab.fr/core/extensions/SemanticMediaWiki//includes/SMW_Factbox.php): failed to open stream: Aucun fichier ou dossier de ce type in /home/didier3d/public_html/funlab.fr/core/extensions/SemanticTasks/ST_CheckForReminders.php on line 9
[19-Sep-2015 05:00:05 Europe/Paris] PHP Fatal error:  require_once(): Failed opening required '/home/didier3d/public_html/funlab.fr/core/extensions/SemanticMediaWiki//includes/SMW_Factbox.php' (include_path='.:/usr/lib/php:/usr/local/lib/php') in /home/didier3d/public_html/funlab.fr/core/extensions/SemanticTasks/ST_CheckForReminders.php on line 9
[20-Sep-2015 05:00:02 Europe/Paris] PHP Notice:  Undefined index: REQUEST_URI in /home/didier3d/public_html/funlab.fr/core/LocalSettings.php on line 584
[20-Sep-2015 05:00:02 Europe/Paris] PHP Notice:  Undefined index: REQUEST_URI in /home/didier3d/public_html/funlab.fr/core/LocalSettings.php on line 586
[20-Sep-2015 05:00:05 Europe/Paris] PHP Warning:  require_once(/home/didier3d/public_html/funlab.fr/core/extensions/SemanticMediaWiki//includes/SMW_Factbox.php): failed to open stream: Aucun fichier ou dossier de ce type in /home/didier3d/public_html/funlab.fr/core/extensions/SemanticTasks/ST_CheckForReminders.php on line 9
[20-Sep-2015 05:00:05 Europe/Paris] PHP Fatal error:  require_once(): Failed opening required '/home/didier3d/public_html/funlab.fr/core/extensions/SemanticMediaWiki//includes/SMW_Factbox.php' (include_path='.:/usr/lib/php:/usr/local/lib/php') in /home/didier3d/public_html/funlab.fr/core/extensions/SemanticTasks/ST_CheckForReminders.php on line 9
[21-Sep-2015 05:00:02 Europe/Paris] PHP Notice:  Undefined index: REQUEST_URI in /home/didier3d/public_html/funlab.fr/core/LocalSettings.php on line 584
[21-Sep-2015 05:00:02 Europe/Paris] PHP Notice:  Undefined index: REQUEST_URI in /home/didier3d/public_html/funlab.fr/core/LocalSettings.php on line 586
[21-Sep-2015 05:00:05 Europe/Paris] PHP Warning:  require_once(/home/didier3d/public_html/funlab.fr/core/extensions/SemanticMediaWiki//includes/SMW_Factbox.php): failed to open stream: Aucun fichier ou dossier de ce type in /home/didier3d/public_html/funlab.fr/core/extensions/SemanticTasks/ST_CheckForReminders.php on line 9
[21-Sep-2015 05:00:05 Europe/Paris] PHP Fatal error:  require_once(): Failed opening required '/home/didier3d/public_html/funlab.fr/core/extensions/SemanticMediaWiki//includes/SMW_Factbox.php' (include_path='.:/usr/lib/php:/usr/local/lib/php') in /home/didier3d/public_html/funlab.fr/core/extensions/SemanticTasks/ST_CheckForReminders.php on line 9
[22-Sep-2015 05:00:02 Europe/Paris] PHP Notice:  Undefined index: REQUEST_URI in /home/didier3d/public_html/funlab.fr/core/LocalSettings.php on line 584
[22-Sep-2015 05:00:02 Europe/Paris] PHP Notice:  Undefined index: REQUEST_URI in /home/didier3d/public_html/funlab.fr/core/LocalSettings.php on line 586
[22-Sep-2015 05:00:06 Europe/Paris] PHP Warning:  require_once(/home/didier3d/public_html/funlab.fr/core/extensions/SemanticMediaWiki//includes/SMW_Factbox.php): failed to open stream: No such file or directory in /home/didier3d/public_html/funlab.fr/core/extensions/SemanticTasks/ST_CheckForReminders.php on line 9
[22-Sep-2015 05:00:06 Europe/Paris] PHP Fatal error:  require_once(): Failed opening required '/home/didier3d/public_html/funlab.fr/core/extensions/SemanticMediaWiki//includes/SMW_Factbox.php' (include_path='.:/usr/lib/php:/usr/local/lib/php') in /home/didier3d/public_html/funlab.fr/core/extensions/SemanticTasks/ST_CheckForReminders.php on line 9
[23-Sep-2015 05:00:02 Europe/Paris] PHP Notice:  Undefined index: REQUEST_URI in /home/didier3d/public_html/funlab.fr/core/LocalSettings.php on line 584
[23-Sep-2015 05:00:02 Europe/Paris] PHP Notice:  Undefined index: REQUEST_URI in /home/didier3d/public_html/funlab.fr/core/LocalSettings.php on line 586
[23-Sep-2015 05:00:06 Europe/Paris] PHP Warning:  require_once(/home/didier3d/public_html/funlab.fr/core/extensions/SemanticMediaWiki//includes/SMW_Factbox.php): failed to open stream: No such file or directory in /home/didier3d/public_html/funlab.fr/core/extensions/SemanticTasks/ST_CheckForReminders.php on line 9
[23-Sep-2015 05:00:06 Europe/Paris] PHP Fatal error:  require_once(): Failed opening required '/home/didier3d/public_html/funlab.fr/core/extensions/SemanticMediaWiki//includes/SMW_Factbox.php' (include_path='.:/usr/lib/php:/usr/local/lib/php') in /home/didier3d/public_html/funlab.fr/core/extensions/SemanticTasks/ST_CheckForReminders.php on line 9
[24-Sep-2015 05:00:02 Europe/Paris] PHP Notice:  Undefined index: REQUEST_URI in /home/didier3d/public_html/funlab.fr/core/LocalSettings.php on line 584
[24-Sep-2015 05:00:02 Europe/Paris] PHP Notice:  Undefined index: REQUEST_URI in /home/didier3d/public_html/funlab.fr/core/LocalSettings.php on line 586
[24-Sep-2015 05:00:05 Europe/Paris] PHP Warning:  require_once(/home/didier3d/public_html/funlab.fr/core/extensions/SemanticMediaWiki//includes/SMW_Factbox.php): failed to open stream: No such file or directory in /home/didier3d/public_html/funlab.fr/core/extensions/SemanticTasks/ST_CheckForReminders.php on line 9
[24-Sep-2015 05:00:05 Europe/Paris] PHP Fatal error:  require_once(): Failed opening required '/home/didier3d/public_html/funlab.fr/core/extensions/SemanticMediaWiki//includes/SMW_Factbox.php' (include_path='.:/usr/lib/php:/usr/local/lib/php') in /home/didier3d/public_html/funlab.fr/core/extensions/SemanticTasks/ST_CheckForReminders.php on line 9
[25-Sep-2015 05:00:02 Europe/Paris] PHP Notice:  Undefined index: REQUEST_URI in /home/didier3d/public_html/funlab.fr/core/LocalSettings.php on line 584
[25-Sep-2015 05:00:02 Europe/Paris] PHP Notice:  Undefined index: REQUEST_URI in /home/didier3d/public_html/funlab.fr/core/LocalSettings.php on line 586
[25-Sep-2015 05:00:08 Europe/Paris] PHP Warning:  require_once(/home/didier3d/public_html/funlab.fr/core/extensions/SemanticMediaWiki//includes/SMW_Factbox.php): failed to open stream: No such file or directory in /home/didier3d/public_html/funlab.fr/core/extensions/SemanticTasks/ST_CheckForReminders.php on line 9
[25-Sep-2015 05:00:08 Europe/Paris] PHP Fatal error:  require_once(): Failed opening required '/home/didier3d/public_html/funlab.fr/core/extensions/SemanticMediaWiki//includes/SMW_Factbox.php' (include_path='.:/usr/lib/php:/usr/local/lib/php') in /home/didier3d/public_html/funlab.fr/core/extensions/SemanticTasks/ST_CheckForReminders.php on line 9
[26-Sep-2015 05:00:01 Europe/Paris] PHP Notice:  Undefined index: REQUEST_URI in /home/didier3d/public_html/funlab.fr/core/LocalSettings.php on line 584
[26-Sep-2015 05:00:01 Europe/Paris] PHP Notice:  Undefined index: REQUEST_URI in /home/didier3d/public_html/funlab.fr/core/LocalSettings.php on line 586
[26-Sep-2015 05:00:06 Europe/Paris] PHP Warning:  require_once(/home/didier3d/public_html/funlab.fr/core/extensions/SemanticMediaWiki//includes/SMW_Factbox.php): failed to open stream: No such file or directory in /home/didier3d/public_html/funlab.fr/core/extensions/SemanticTasks/ST_CheckForReminders.php on line 9
[26-Sep-2015 05:00:06 Europe/Paris] PHP Fatal error:  require_once(): Failed opening required '/home/didier3d/public_html/funlab.fr/core/extensions/SemanticMediaWiki//includes/SMW_Factbox.php' (include_path='.:/usr/lib/php:/usr/local/lib/php') in /home/didier3d/public_html/funlab.fr/core/extensions/SemanticTasks/ST_CheckForReminders.php on line 9
[27-Sep-2015 05:00:02 Europe/Paris] PHP Notice:  Undefined index: REQUEST_URI in /home/didier3d/public_html/funlab.fr/core/LocalSettings.php on line 584
[27-Sep-2015 05:00:02 Europe/Paris] PHP Notice:  Undefined index: REQUEST_URI in /home/didier3d/public_html/funlab.fr/core/LocalSettings.php on line 586
[27-Sep-2015 05:00:11 Europe/Paris] PHP Warning:  require_once(/home/didier3d/public_html/funlab.fr/core/extensions/SemanticMediaWiki//includes/SMW_Factbox.php): failed to open stream: No such file or directory in /home/didier3d/public_html/funlab.fr/core/extensions/SemanticTasks/ST_CheckForReminders.php on line 9
[27-Sep-2015 05:00:11 Europe/Paris] PHP Fatal error:  require_once(): Failed opening required '/home/didier3d/public_html/funlab.fr/core/extensions/SemanticMediaWiki//includes/SMW_Factbox.php' (include_path='.:/usr/lib/php:/usr/local/lib/php') in /home/didier3d/public_html/funlab.fr/core/extensions/SemanticTasks/ST_CheckForReminders.php on line 9
[28-Sep-2015 05:00:02 Europe/Paris] PHP Notice:  Undefined index: REQUEST_URI in /home/didier3d/public_html/funlab.fr/core/LocalSettings.php on line 584
[28-Sep-2015 05:00:02 Europe/Paris] PHP Notice:  Undefined index: REQUEST_URI in /home/didier3d/public_html/funlab.fr/core/LocalSettings.php on line 586
[28-Sep-2015 05:00:04 Europe/Paris] PHP Warning:  require_once(/home/didier3d/public_html/funlab.fr/core/extensions/SemanticMediaWiki//includes/SMW_Factbox.php): failed to open stream: No such file or directory in /home/didier3d/public_html/funlab.fr/core/extensions/SemanticTasks/ST_CheckForReminders.php on line 9
[28-Sep-2015 05:00:04 Europe/Paris] PHP Fatal error:  require_once(): Failed opening required '/home/didier3d/public_html/funlab.fr/core/extensions/SemanticMediaWiki//includes/SMW_Factbox.php' (include_path='.:/usr/lib/php:/usr/local/lib/php') in /home/didier3d/public_html/funlab.fr/core/extensions/SemanticTasks/ST_CheckForReminders.php on line 9
[29-Sep-2015 05:00:02 Europe/Paris] PHP Notice:  Undefined index: REQUEST_URI in /home/didier3d/public_html/funlab.fr/core/LocalSettings.php on line 584
[29-Sep-2015 05:00:02 Europe/Paris] PHP Notice:  Undefined index: REQUEST_URI in /home/didier3d/public_html/funlab.fr/core/LocalSettings.php on line 586
[29-Sep-2015 05:00:16 Europe/Paris] PHP Warning:  require_once(/home/didier3d/public_html/funlab.fr/core/extensions/SemanticMediaWiki//includes/SMW_Factbox.php): failed to open stream: No such file or directory in /home/didier3d/public_html/funlab.fr/core/extensions/SemanticTasks/ST_CheckForReminders.php on line 9
[29-Sep-2015 05:00:16 Europe/Paris] PHP Fatal error:  require_once(): Failed opening required '/home/didier3d/public_html/funlab.fr/core/extensions/SemanticMediaWiki//includes/SMW_Factbox.php' (include_path='.:/usr/lib/php:/usr/local/lib/php') in /home/didier3d/public_html/funlab.fr/core/extensions/SemanticTasks/ST_CheckForReminders.php on line 9
[30-Sep-2015 05:00:02 Europe/Paris] PHP Notice:  Undefined index: REQUEST_URI in /home/didier3d/public_html/funlab.fr/core/LocalSettings.php on line 584
[30-Sep-2015 05:00:02 Europe/Paris] PHP Notice:  Undefined index: REQUEST_URI in /home/didier3d/public_html/funlab.fr/core/LocalSettings.php on line 586
[30-Sep-2015 05:00:05 Europe/Paris] PHP Warning:  require_once(/home/didier3d/public_html/funlab.fr/core/extensions/SemanticMediaWiki//includes/SMW_Factbox.php): failed to open stream: No such file or directory in /home/didier3d/public_html/funlab.fr/core/extensions/SemanticTasks/ST_CheckForReminders.php on line 9
[30-Sep-2015 05:00:05 Europe/Paris] PHP Fatal error:  require_once(): Failed opening required '/home/didier3d/public_html/funlab.fr/core/extensions/SemanticMediaWiki//includes/SMW_Factbox.php' (include_path='.:/usr/lib/php:/usr/local/lib/php') in /home/didier3d/public_html/funlab.fr/core/extensions/SemanticTasks/ST_CheckForReminders.php on line 9
[01-Oct-2015 05:00:02 Europe/Paris] PHP Notice:  Undefined index: REQUEST_URI in /home/didier3d/public_html/funlab.fr/core/LocalSettings.php on line 584
[01-Oct-2015 05:00:02 Europe/Paris] PHP Notice:  Undefined index: REQUEST_URI in /home/didier3d/public_html/funlab.fr/core/LocalSettings.php on line 586
[01-Oct-2015 05:00:12 Europe/Paris] PHP Warning:  require_once(/home/didier3d/public_html/funlab.fr/core/extensions/SemanticMediaWiki//includes/SMW_Factbox.php): failed to open stream: No such file or directory in /home/didier3d/public_html/funlab.fr/core/extensions/SemanticTasks/ST_CheckForReminders.php on line 9
[01-Oct-2015 05:00:12 Europe/Paris] PHP Fatal error:  require_once(): Failed opening required '/home/didier3d/public_html/funlab.fr/core/extensions/SemanticMediaWiki//includes/SMW_Factbox.php' (include_path='.:/usr/lib/php:/usr/local/lib/php') in /home/didier3d/public_html/funlab.fr/core/extensions/SemanticTasks/ST_CheckForReminders.php on line 9
[02-Oct-2015 05:00:02 Europe/Paris] PHP Notice:  Undefined index: REQUEST_URI in /home/didier3d/public_html/funlab.fr/core/LocalSettings.php on line 584
[02-Oct-2015 05:00:02 Europe/Paris] PHP Notice:  Undefined index: REQUEST_URI in /home/didier3d/public_html/funlab.fr/core/LocalSettings.php on line 586
[02-Oct-2015 05:00:19 Europe/Paris] PHP Warning:  require_once(/home/didier3d/public_html/funlab.fr/core/extensions/SemanticMediaWiki//includes/SMW_Factbox.php): failed to open stream: No such file or directory in /home/didier3d/public_html/funlab.fr/core/extensions/SemanticTasks/ST_CheckForReminders.php on line 9
[02-Oct-2015 05:00:19 Europe/Paris] PHP Fatal error:  require_once(): Failed opening required '/home/didier3d/public_html/funlab.fr/core/extensions/SemanticMediaWiki//includes/SMW_Factbox.php' (include_path='.:/usr/lib/php:/usr/local/lib/php') in /home/didier3d/public_html/funlab.fr/core/extensions/SemanticTasks/ST_CheckForReminders.php on line 9
[03-Oct-2015 05:00:02 Europe/Paris] PHP Notice:  Undefined index: REQUEST_URI in /home/didier3d/public_html/funlab.fr/core/LocalSettings.php on line 584
[03-Oct-2015 05:00:02 Europe/Paris] PHP Notice:  Undefined index: REQUEST_URI in /home/didier3d/public_html/funlab.fr/core/LocalSettings.php on line 586
[03-Oct-2015 05:00:12 Europe/Paris] PHP Warning:  require_once(/home/didier3d/public_html/funlab.fr/core/extensions/SemanticMediaWiki//includes/SMW_Factbox.php): failed to open stream: No such file or directory in /home/didier3d/public_html/funlab.fr/core/extensions/SemanticTasks/ST_CheckForReminders.php on line 9
[03-Oct-2015 05:00:12 Europe/Paris] PHP Fatal error:  require_once(): Failed opening required '/home/didier3d/public_html/funlab.fr/core/extensions/SemanticMediaWiki//includes/SMW_Factbox.php' (include_path='.:/usr/lib/php:/usr/local/lib/php') in /home/didier3d/public_html/funlab.fr/core/extensions/SemanticTasks/ST_CheckForReminders.php on line 9
[04-Oct-2015 05:00:01 Europe/Paris] PHP Notice:  Undefined index: REQUEST_URI in /home/didier3d/public_html/funlab.fr/core/LocalSettings.php on line 584
[04-Oct-2015 05:00:01 Europe/Paris] PHP Notice:  Undefined index: REQUEST_URI in /home/didier3d/public_html/funlab.fr/core/LocalSettings.php on line 586
[04-Oct-2015 05:00:05 Europe/Paris] PHP Warning:  require_once(/home/didier3d/public_html/funlab.fr/core/extensions/SemanticMediaWiki//includes/SMW_Factbox.php): failed to open stream: No such file or directory in /home/didier3d/public_html/funlab.fr/core/extensions/SemanticTasks/ST_CheckForReminders.php on line 9
[04-Oct-2015 05:00:05 Europe/Paris] PHP Fatal error:  require_once(): Failed opening required '/home/didier3d/public_html/funlab.fr/core/extensions/SemanticMediaWiki//includes/SMW_Factbox.php' (include_path='.:/usr/lib/php:/usr/local/lib/php') in /home/didier3d/public_html/funlab.fr/core/extensions/SemanticTasks/ST_CheckForReminders.php on line 9
[05-Oct-2015 05:00:02 Europe/Paris] PHP Notice:  Undefined index: REQUEST_URI in /home/didier3d/public_html/funlab.fr/core/LocalSettings.php on line 584
[05-Oct-2015 05:00:02 Europe/Paris] PHP Notice:  Undefined index: REQUEST_URI in /home/didier3d/public_html/funlab.fr/core/LocalSettings.php on line 586
[05-Oct-2015 05:00:05 Europe/Paris] PHP Warning:  require_once(/home/didier3d/public_html/funlab.fr/core/extensions/SemanticMediaWiki//includes/SMW_Factbox.php): failed to open stream: No such file or directory in /home/didier3d/public_html/funlab.fr/core/extensions/SemanticTasks/ST_CheckForReminders.php on line 9
[05-Oct-2015 05:00:05 Europe/Paris] PHP Fatal error:  require_once(): Failed opening required '/home/didier3d/public_html/funlab.fr/core/extensions/SemanticMediaWiki//includes/SMW_Factbox.php' (include_path='.:/usr/lib/php:/usr/local/lib/php') in /home/didier3d/public_html/funlab.fr/core/extensions/SemanticTasks/ST_CheckForReminders.php on line 9
[06-Oct-2015 05:00:02 Europe/Paris] PHP Notice:  Undefined index: REQUEST_URI in /home/didier3d/public_html/funlab.fr/core/LocalSettings.php on line 586
[06-Oct-2015 05:00:02 Europe/Paris] PHP Notice:  Undefined index: REQUEST_URI in /home/didier3d/public_html/funlab.fr/core/LocalSettings.php on line 588
[06-Oct-2015 05:00:11 Europe/Paris] PHP Warning:  require_once(/home/didier3d/public_html/funlab.fr/core/extensions/SemanticMediaWiki//includes/SMW_Factbox.php): failed to open stream: No such file or directory in /home/didier3d/public_html/funlab.fr/core/extensions/SemanticTasks/ST_CheckForReminders.php on line 9
[06-Oct-2015 05:00:11 Europe/Paris] PHP Fatal error:  require_once(): Failed opening required '/home/didier3d/public_html/funlab.fr/core/extensions/SemanticMediaWiki//includes/SMW_Factbox.php' (include_path='.:/usr/lib/php:/usr/local/lib/php') in /home/didier3d/public_html/funlab.fr/core/extensions/SemanticTasks/ST_CheckForReminders.php on line 9
[07-Oct-2015 05:00:02 Europe/Paris] PHP Notice:  Undefined index: REQUEST_URI in /home/didier3d/public_html/funlab.fr/core/LocalSettings.php on line 586
[07-Oct-2015 05:00:02 Europe/Paris] PHP Notice:  Undefined index: REQUEST_URI in /home/didier3d/public_html/funlab.fr/core/LocalSettings.php on line 588
[07-Oct-2015 05:00:10 Europe/Paris] PHP Warning:  require_once(/home/didier3d/public_html/funlab.fr/core/extensions/SemanticMediaWiki//includes/SMW_Factbox.php): failed to open stream: No such file or directory in /home/didier3d/public_html/funlab.fr/core/extensions/SemanticTasks/ST_CheckForReminders.php on line 9
[07-Oct-2015 05:00:10 Europe/Paris] PHP Fatal error:  require_once(): Failed opening required '/home/didier3d/public_html/funlab.fr/core/extensions/SemanticMediaWiki//includes/SMW_Factbox.php' (include_path='.:/usr/lib/php:/usr/local/lib/php') in /home/didier3d/public_html/funlab.fr/core/extensions/SemanticTasks/ST_CheckForReminders.php on line 9
[08-Oct-2015 05:00:03 Europe/Paris] PHP Notice:  Undefined index: REQUEST_URI in /home/didier3d/public_html/funlab.fr/core/LocalSettings.php on line 586
[08-Oct-2015 05:00:03 Europe/Paris] PHP Notice:  Undefined index: REQUEST_URI in /home/didier3d/public_html/funlab.fr/core/LocalSettings.php on line 588
[08-Oct-2015 05:00:06 Europe/Paris] PHP Warning:  require_once(/home/didier3d/public_html/funlab.fr/core/extensions/SemanticMediaWiki//includes/SMW_Factbox.php): failed to open stream: No such file or directory in /home/didier3d/public_html/funlab.fr/core/extensions/SemanticTasks/ST_CheckForReminders.php on line 9
[08-Oct-2015 05:00:06 Europe/Paris] PHP Fatal error:  require_once(): Failed opening required '/home/didier3d/public_html/funlab.fr/core/extensions/SemanticMediaWiki//includes/SMW_Factbox.php' (include_path='.:/usr/lib/php:/usr/local/lib/php') in /home/didier3d/public_html/funlab.fr/core/extensions/SemanticTasks/ST_CheckForReminders.php on line 9
[09-Oct-2015 05:00:01 Europe/Paris] PHP Notice:  Undefined index: REQUEST_URI in /home/didier3d/public_html/funlab.fr/core/LocalSettings.php on line 586
[09-Oct-2015 05:00:01 Europe/Paris] PHP Notice:  Undefined index: REQUEST_URI in /home/didier3d/public_html/funlab.fr/core/LocalSettings.php on line 588
[09-Oct-2015 05:00:04 Europe/Paris] PHP Warning:  require_once(/home/didier3d/public_html/funlab.fr/core/extensions/SemanticMediaWiki//includes/SMW_Factbox.php): failed to open stream: No such file or directory in /home/didier3d/public_html/funlab.fr/core/extensions/SemanticTasks/ST_CheckForReminders.php on line 9
[09-Oct-2015 05:00:04 Europe/Paris] PHP Fatal error:  require_once(): Failed opening required '/home/didier3d/public_html/funlab.fr/core/extensions/SemanticMediaWiki//includes/SMW_Factbox.php' (include_path='.:/usr/lib/php:/usr/local/lib/php') in /home/didier3d/public_html/funlab.fr/core/extensions/SemanticTasks/ST_CheckForReminders.php on line 9
[10-Oct-2015 05:00:02 Europe/Paris] PHP Notice:  Undefined index: REQUEST_URI in /home/didier3d/public_html/funlab.fr/core/LocalSettings.php on line 586
[10-Oct-2015 05:00:02 Europe/Paris] PHP Notice:  Undefined index: REQUEST_URI in /home/didier3d/public_html/funlab.fr/core/LocalSettings.php on line 588
[10-Oct-2015 05:00:05 Europe/Paris] PHP Warning:  require_once(/home/didier3d/public_html/funlab.fr/core/extensions/SemanticMediaWiki//includes/SMW_Factbox.php): failed to open stream: No such file or directory in /home/didier3d/public_html/funlab.fr/core/extensions/SemanticTasks/ST_CheckForReminders.php on line 9
[10-Oct-2015 05:00:05 Europe/Paris] PHP Fatal error:  require_once(): Failed opening required '/home/didier3d/public_html/funlab.fr/core/extensions/SemanticMediaWiki//includes/SMW_Factbox.php' (include_path='.:/usr/lib/php:/usr/local/lib/php') in /home/didier3d/public_html/funlab.fr/core/extensions/SemanticTasks/ST_CheckForReminders.php on line 9
[11-Oct-2015 05:00:02 Europe/Paris] PHP Notice:  Undefined index: REQUEST_URI in /home/didier3d/public_html/funlab.fr/core/LocalSettings.php on line 586
[11-Oct-2015 05:00:02 Europe/Paris] PHP Notice:  Undefined index: REQUEST_URI in /home/didier3d/public_html/funlab.fr/core/LocalSettings.php on line 588
[11-Oct-2015 05:00:05 Europe/Paris] PHP Warning:  require_once(/home/didier3d/public_html/funlab.fr/core/extensions/SemanticMediaWiki//includes/SMW_Factbox.php): failed to open stream: No such file or directory in /home/didier3d/public_html/funlab.fr/core/extensions/SemanticTasks/ST_CheckForReminders.php on line 9
[11-Oct-2015 05:00:05 Europe/Paris] PHP Fatal error:  require_once(): Failed opening required '/home/didier3d/public_html/funlab.fr/core/extensions/SemanticMediaWiki//includes/SMW_Factbox.php' (include_path='.:/usr/lib/php:/usr/local/lib/php') in /home/didier3d/public_html/funlab.fr/core/extensions/SemanticTasks/ST_CheckForReminders.php on line 9
[12-Oct-2015 05:00:02 Europe/Paris] PHP Notice:  Undefined index: REQUEST_URI in /home/didier3d/public_html/funlab.fr/core/LocalSettings.php on line 586
[12-Oct-2015 05:00:02 Europe/Paris] PHP Notice:  Undefined index: REQUEST_URI in /home/didier3d/public_html/funlab.fr/core/LocalSettings.php on line 588
[12-Oct-2015 05:00:16 Europe/Paris] PHP Warning:  require_once(/home/didier3d/public_html/funlab.fr/core/extensions/SemanticMediaWiki//includes/SMW_Factbox.php): failed to open stream: No such file or directory in /home/didier3d/public_html/funlab.fr/core/extensions/SemanticTasks/ST_CheckForReminders.php on line 9
[12-Oct-2015 05:00:16 Europe/Paris] PHP Fatal error:  require_once(): Failed opening required '/home/didier3d/public_html/funlab.fr/core/extensions/SemanticMediaWiki//includes/SMW_Factbox.php' (include_path='.:/usr/lib/php:/usr/local/lib/php') in /home/didier3d/public_html/funlab.fr/core/extensions/SemanticTasks/ST_CheckForReminders.php on line 9
[13-Oct-2015 05:00:02 Europe/Paris] PHP Notice:  Undefined index: REQUEST_URI in /home/didier3d/public_html/funlab.fr/core/LocalSettings.php on line 586
[13-Oct-2015 05:00:02 Europe/Paris] PHP Notice:  Undefined index: REQUEST_URI in /home/didier3d/public_html/funlab.fr/core/LocalSettings.php on line 588
[13-Oct-2015 05:00:15 Europe/Paris] PHP Warning:  require_once(/home/didier3d/public_html/funlab.fr/core/extensions/SemanticMediaWiki//includes/SMW_Factbox.php): failed to open stream: No such file or directory in /home/didier3d/public_html/funlab.fr/core/extensions/SemanticTasks/ST_CheckForReminders.php on line 9
[13-Oct-2015 05:00:15 Europe/Paris] PHP Fatal error:  require_once(): Failed opening required '/home/didier3d/public_html/funlab.fr/core/extensions/SemanticMediaWiki//includes/SMW_Factbox.php' (include_path='.:/usr/lib/php:/usr/local/lib/php') in /home/didier3d/public_html/funlab.fr/core/extensions/SemanticTasks/ST_CheckForReminders.php on line 9
[14-Oct-2015 05:00:03 Europe/Paris] PHP Notice:  Undefined index: REQUEST_URI in /home/didier3d/public_html/funlab.fr/core/LocalSettings.php on line 586
[14-Oct-2015 05:00:03 Europe/Paris] PHP Notice:  Undefined index: REQUEST_URI in /home/didier3d/public_html/funlab.fr/core/LocalSettings.php on line 588
[14-Oct-2015 05:00:15 Europe/Paris] PHP Warning:  require_once(/home/didier3d/public_html/funlab.fr/core/extensions/SemanticMediaWiki//includes/SMW_Factbox.php): failed to open stream: No such file or directory in /home/didier3d/public_html/funlab.fr/core/extensions/SemanticTasks/ST_CheckForReminders.php on line 9
[14-Oct-2015 05:00:15 Europe/Paris] PHP Fatal error:  require_once(): Failed opening required '/home/didier3d/public_html/funlab.fr/core/extensions/SemanticMediaWiki//includes/SMW_Factbox.php' (include_path='.:/usr/lib/php:/usr/local/lib/php') in /home/didier3d/public_html/funlab.fr/core/extensions/SemanticTasks/ST_CheckForReminders.php on line 9
[15-Oct-2015 05:00:02 Europe/Paris] PHP Notice:  Undefined index: REQUEST_URI in /home/didier3d/public_html/funlab.fr/core/LocalSettings.php on line 586
[15-Oct-2015 05:00:02 Europe/Paris] PHP Notice:  Undefined index: REQUEST_URI in /home/didier3d/public_html/funlab.fr/core/LocalSettings.php on line 588
[15-Oct-2015 05:00:05 Europe/Paris] PHP Warning:  require_once(/home/didier3d/public_html/funlab.fr/core/extensions/SemanticMediaWiki//includes/SMW_Factbox.php): failed to open stream: No such file or directory in /home/didier3d/public_html/funlab.fr/core/extensions/SemanticTasks/ST_CheckForReminders.php on line 9
[15-Oct-2015 05:00:05 Europe/Paris] PHP Fatal error:  require_once(): Failed opening required '/home/didier3d/public_html/funlab.fr/core/extensions/SemanticMediaWiki//includes/SMW_Factbox.php' (include_path='.:/usr/lib/php:/usr/local/lib/php') in /home/didier3d/public_html/funlab.fr/core/extensions/SemanticTasks/ST_CheckForReminders.php on line 9
[16-Oct-2015 05:00:01 Europe/Paris] PHP Notice:  Undefined index: REQUEST_URI in /home/didier3d/public_html/funlab.fr/core/LocalSettings.php on line 586
[16-Oct-2015 05:00:01 Europe/Paris] PHP Notice:  Undefined index: REQUEST_URI in /home/didier3d/public_html/funlab.fr/core/LocalSettings.php on line 588
[16-Oct-2015 05:00:16 Europe/Paris] PHP Warning:  require_once(/home/didier3d/public_html/funlab.fr/core/extensions/SemanticMediaWiki//includes/SMW_Factbox.php): failed to open stream: No such file or directory in /home/didier3d/public_html/funlab.fr/core/extensions/SemanticTasks/ST_CheckForReminders.php on line 9
[16-Oct-2015 05:00:16 Europe/Paris] PHP Fatal error:  require_once(): Failed opening required '/home/didier3d/public_html/funlab.fr/core/extensions/SemanticMediaWiki//includes/SMW_Factbox.php' (include_path='.:/usr/lib/php:/usr/local/lib/php') in /home/didier3d/public_html/funlab.fr/core/extensions/SemanticTasks/ST_CheckForReminders.php on line 9
[17-Oct-2015 05:00:02 Europe/Paris] PHP Notice:  Undefined index: REQUEST_URI in /home/didier3d/public_html/funlab.fr/core/LocalSettings.php on line 586
[17-Oct-2015 05:00:02 Europe/Paris] PHP Notice:  Undefined index: REQUEST_URI in /home/didier3d/public_html/funlab.fr/core/LocalSettings.php on line 588
[17-Oct-2015 05:00:12 Europe/Paris] PHP Warning:  require_once(/home/didier3d/public_html/funlab.fr/core/extensions/SemanticMediaWiki//includes/SMW_Factbox.php): failed to open stream: No such file or directory in /home/didier3d/public_html/funlab.fr/core/extensions/SemanticTasks/ST_CheckForReminders.php on line 9
[17-Oct-2015 05:00:12 Europe/Paris] PHP Fatal error:  require_once(): Failed opening required '/home/didier3d/public_html/funlab.fr/core/extensions/SemanticMediaWiki//includes/SMW_Factbox.php' (include_path='.:/usr/lib/php:/usr/local/lib/php') in /home/didier3d/public_html/funlab.fr/core/extensions/SemanticTasks/ST_CheckForReminders.php on line 9
[18-Oct-2015 05:00:02 Europe/Paris] PHP Notice:  Undefined index: REQUEST_URI in /home/didier3d/public_html/funlab.fr/core/LocalSettings.php on line 586
[18-Oct-2015 05:00:02 Europe/Paris] PHP Notice:  Undefined index: REQUEST_URI in /home/didier3d/public_html/funlab.fr/core/LocalSettings.php on line 588
[18-Oct-2015 05:00:05 Europe/Paris] PHP Warning:  require_once(/home/didier3d/public_html/funlab.fr/core/extensions/SemanticMediaWiki//includes/SMW_Factbox.php): failed to open stream: No such file or directory in /home/didier3d/public_html/funlab.fr/core/extensions/SemanticTasks/ST_CheckForReminders.php on line 9
[18-Oct-2015 05:00:05 Europe/Paris] PHP Fatal error:  require_once(): Failed opening required '/home/didier3d/public_html/funlab.fr/core/extensions/SemanticMediaWiki//includes/SMW_Factbox.php' (include_path='.:/usr/lib/php:/usr/local/lib/php') in /home/didier3d/public_html/funlab.fr/core/extensions/SemanticTasks/ST_CheckForReminders.php on line 9
[19-Oct-2015 05:00:03 Europe/Paris] PHP Notice:  Undefined index: REQUEST_URI in /home/didier3d/public_html/funlab.fr/core/LocalSettings.php on line 586
[19-Oct-2015 05:00:03 Europe/Paris] PHP Notice:  Undefined index: REQUEST_URI in /home/didier3d/public_html/funlab.fr/core/LocalSettings.php on line 588
[19-Oct-2015 05:00:16 Europe/Paris] PHP Warning:  require_once(/home/didier3d/public_html/funlab.fr/core/extensions/SemanticMediaWiki//includes/SMW_Factbox.php): failed to open stream: No such file or directory in /home/didier3d/public_html/funlab.fr/core/extensions/SemanticTasks/ST_CheckForReminders.php on line 9
[19-Oct-2015 05:00:16 Europe/Paris] PHP Fatal error:  require_once(): Failed opening required '/home/didier3d/public_html/funlab.fr/core/extensions/SemanticMediaWiki//includes/SMW_Factbox.php' (include_path='.:/usr/lib/php:/usr/local/lib/php') in /home/didier3d/public_html/funlab.fr/core/extensions/SemanticTasks/ST_CheckForReminders.php on line 9
[20-Oct-2015 05:00:02 Europe/Paris] PHP Notice:  Undefined index: REQUEST_URI in /home/didier3d/public_html/funlab.fr/core/LocalSettings.php on line 586
[20-Oct-2015 05:00:02 Europe/Paris] PHP Notice:  Undefined index: REQUEST_URI in /home/didier3d/public_html/funlab.fr/core/LocalSettings.php on line 588
[20-Oct-2015 05:00:19 Europe/Paris] PHP Warning:  require_once(/home/didier3d/public_html/funlab.fr/core/extensions/SemanticMediaWiki//includes/SMW_Factbox.php): failed to open stream: No such file or directory in /home/didier3d/public_html/funlab.fr/core/extensions/SemanticTasks/ST_CheckForReminders.php on line 9
[20-Oct-2015 05:00:19 Europe/Paris] PHP Fatal error:  require_once(): Failed opening required '/home/didier3d/public_html/funlab.fr/core/extensions/SemanticMediaWiki//includes/SMW_Factbox.php' (include_path='.:/usr/lib/php:/usr/local/lib/php') in /home/didier3d/public_html/funlab.fr/core/extensions/SemanticTasks/ST_CheckForReminders.php on line 9
[21-Oct-2015 05:00:02 Europe/Paris] PHP Notice:  Undefined index: REQUEST_URI in /home/didier3d/public_html/funlab.fr/core/LocalSettings.php on line 586
[21-Oct-2015 05:00:02 Europe/Paris] PHP Notice:  Undefined index: REQUEST_URI in /home/didier3d/public_html/funlab.fr/core/LocalSettings.php on line 588
[21-Oct-2015 05:00:17 Europe/Paris] PHP Warning:  require_once(/home/didier3d/public_html/funlab.fr/core/extensions/SemanticMediaWiki//includes/SMW_Factbox.php): failed to open stream: No such file or directory in /home/didier3d/public_html/funlab.fr/core/extensions/SemanticTasks/ST_CheckForReminders.php on line 9
[21-Oct-2015 05:00:17 Europe/Paris] PHP Fatal error:  require_once(): Failed opening required '/home/didier3d/public_html/funlab.fr/core/extensions/SemanticMediaWiki//includes/SMW_Factbox.php' (include_path='.:/usr/lib/php:/usr/local/lib/php') in /home/didier3d/public_html/funlab.fr/core/extensions/SemanticTasks/ST_CheckForReminders.php on line 9
